<?xml version="1.0" encoding="UTF-8"?>
<!-- Generated by org.testng.reporters.JUnitReportReporter -->
<testsuite skipped="0" hostname="LAPTOP-1HTUTEUR" name="com.qa.testscript.TripAdvisor" tests="1" failures="0" timestamp="25 Jun 2021 14:00:21 GMT" time="194.727" errors="0">
  <testcase name="serachTrip" time="194.727" classname="com.qa.testscript.TripAdvisor"/>
</testsuite> <!-- com.qa.testscript.TripAdvisor -->
