<?xml version="1.0" encoding="UTF-8"?>
<testsuite xmlns:xsi="http://www.w3.org/2001/XMLSchema-instance" xsi:noNamespaceSchemaLocation="https://maven.apache.org/surefire/maven-surefire-plugin/xsd/surefire-test-report.xsd" name="TestSuite" time="272.357" tests="1" errors="0" skipped="0" failures="0">
  <properties>
    <property name="sun.desktop" value="windows"/>
    <property name="log4j.configuration" value="file:conf/log4j-test.properties"/>
    <property name="awt.toolkit" value="sun.awt.windows.WToolkit"/>
    <property name="file.encoding.pkg" value="sun.io"/>
    <property name="java.specification.version" value="1.8"/>
    <property name="sun.cpu.isalist" value="amd64"/>
    <property name="sun.jnu.encoding" value="Cp1252"/>
    <property name="java.class.path" value="C:\Users\Somu Sekhar Reddy\eclipse-workspace\TripAdvisorProject\target\test-classes;C:\Users\Somu Sekhar Reddy\eclipse-workspace\TripAdvisorProject\target\classes;C:\Users\Somu Sekhar Reddy\.m2\repository\org\apache\tinkerpop\gremlin-driver\3.5.0\gremlin-driver-3.5.0.jar;C:\Users\Somu Sekhar Reddy\.m2\repository\org\apache\tinkerpop\gremlin-core\3.5.0\gremlin-core-3.5.0.jar;C:\Users\Somu Sekhar Reddy\.m2\repository\org\apache\tinkerpop\gremlin-shaded\3.5.0\gremlin-shaded-3.5.0.jar;C:\Users\Somu Sekhar Reddy\.m2\repository\org\apache\commons\commons-configuration2\2.7\commons-configuration2-2.7.jar;C:\Users\Somu Sekhar Reddy\.m2\repository\commons-beanutils\commons-beanutils\1.9.4\commons-beanutils-1.9.4.jar;C:\Users\Somu Sekhar Reddy\.m2\repository\org\apache\commons\commons-text\1.9\commons-text-1.9.jar;C:\Users\Somu Sekhar Reddy\.m2\repository\org\javatuples\javatuples\1.2\javatuples-1.2.jar;C:\Users\Somu Sekhar Reddy\.m2\repository\com\carrotsearch\hppc\0.7.1\hppc-0.7.1.jar;C:\Users\Somu Sekhar Reddy\.m2\repository\com\jcabi\jcabi-manifests\1.1\jcabi-manifests-1.1.jar;C:\Users\Somu Sekhar Reddy\.m2\repository\com\jcabi\jcabi-log\0.14\jcabi-log-0.14.jar;C:\Users\Somu Sekhar Reddy\.m2\repository\com\squareup\javapoet\1.8.0\javapoet-1.8.0.jar;C:\Users\Somu Sekhar Reddy\.m2\repository\net\objecthunter\exp4j\0.4.8\exp4j-0.4.8.jar;C:\Users\Somu Sekhar Reddy\.m2\repository\org\slf4j\jcl-over-slf4j\1.7.25\jcl-over-slf4j-1.7.25.jar;C:\Users\Somu Sekhar Reddy\.m2\repository\io\netty\netty-all\4.1.61.Final\netty-all-4.1.61.Final.jar;C:\Users\Somu Sekhar Reddy\.m2\repository\org\apache\commons\commons-lang3\3.11\commons-lang3-3.11.jar;C:\Users\Somu Sekhar Reddy\.m2\repository\org\seleniumhq\selenium\selenium-server\3.141.59\selenium-server-3.141.59.jar;C:\Users\Somu Sekhar Reddy\.m2\repository\org\seleniumhq\selenium\selenium-java\3.141.59\selenium-java-3.141.59.jar;C:\Users\Somu Sekhar Reddy\.m2\repository\org\seleniumhq\selenium\selenium-api\3.141.59\selenium-api-3.141.59.jar;C:\Users\Somu Sekhar Reddy\.m2\repository\org\seleniumhq\selenium\selenium-chrome-driver\3.141.59\selenium-chrome-driver-3.141.59.jar;C:\Users\Somu Sekhar Reddy\.m2\repository\org\seleniumhq\selenium\selenium-edge-driver\3.141.59\selenium-edge-driver-3.141.59.jar;C:\Users\Somu Sekhar Reddy\.m2\repository\org\seleniumhq\selenium\selenium-firefox-driver\3.141.59\selenium-firefox-driver-3.141.59.jar;C:\Users\Somu Sekhar Reddy\.m2\repository\org\seleniumhq\selenium\selenium-ie-driver\3.141.59\selenium-ie-driver-3.141.59.jar;C:\Users\Somu Sekhar Reddy\.m2\repository\org\seleniumhq\selenium\selenium-opera-driver\3.141.59\selenium-opera-driver-3.141.59.jar;C:\Users\Somu Sekhar Reddy\.m2\repository\org\seleniumhq\selenium\selenium-remote-driver\3.141.59\selenium-remote-driver-3.141.59.jar;C:\Users\Somu Sekhar Reddy\.m2\repository\org\seleniumhq\selenium\selenium-safari-driver\3.141.59\selenium-safari-driver-3.141.59.jar;C:\Users\Somu Sekhar Reddy\.m2\repository\org\seleniumhq\selenium\selenium-support\3.141.59\selenium-support-3.141.59.jar;C:\Users\Somu Sekhar Reddy\.m2\repository\com\beust\jcommander\1.72\jcommander-1.72.jar;C:\Users\Somu Sekhar Reddy\.m2\repository\net\bytebuddy\byte-buddy\1.8.15\byte-buddy-1.8.15.jar;C:\Users\Somu Sekhar Reddy\.m2\repository\org\apache\commons\commons-exec\1.3\commons-exec-1.3.jar;C:\Users\Somu Sekhar Reddy\.m2\repository\com\google\guava\guava\25.0-jre\guava-25.0-jre.jar;C:\Users\Somu Sekhar Reddy\.m2\repository\com\google\code\findbugs\jsr305\1.3.9\jsr305-1.3.9.jar;C:\Users\Somu Sekhar Reddy\.m2\repository\org\checkerframework\checker-compat-qual\2.0.0\checker-compat-qual-2.0.0.jar;C:\Users\Somu Sekhar Reddy\.m2\repository\com\google\errorprone\error_prone_annotations\2.1.3\error_prone_annotations-2.1.3.jar;C:\Users\Somu Sekhar Reddy\.m2\repository\com\google\j2objc\j2objc-annotations\1.1\j2objc-annotations-1.1.jar;C:\Users\Somu Sekhar Reddy\.m2\repository\org\codehaus\mojo\animal-sniffer-annotations\1.14\animal-sniffer-annotations-1.14.jar;C:\Users\Somu Sekhar Reddy\.m2\repository\net\jcip\jcip-annotations\1.0\jcip-annotations-1.0.jar;C:\Users\Somu Sekhar Reddy\.m2\repository\org\seleniumhq\selenium\jetty-repacked\9.4.12.v20180830\jetty-repacked-9.4.12.v20180830.jar;C:\Users\Somu Sekhar Reddy\.m2\repository\com\squareup\okhttp3\okhttp\3.11.0\okhttp-3.11.0.jar;C:\Users\Somu Sekhar Reddy\.m2\repository\com\squareup\okio\okio\1.14.0\okio-1.14.0.jar;C:\Users\Somu Sekhar Reddy\.m2\repository\javax\servlet\javax.servlet-api\3.1.0\javax.servlet-api-3.1.0.jar;C:\Users\Somu Sekhar Reddy\.m2\repository\org\yaml\snakeyaml\1.19\snakeyaml-1.19.jar;C:\Users\Somu Sekhar Reddy\.m2\repository\ru\yandex\qatools\ashot\ashot\1.5.4\ashot-1.5.4.jar;C:\Users\Somu Sekhar Reddy\.m2\repository\com\google\code\gson\gson\2.6.2\gson-2.6.2.jar;C:\Users\Somu Sekhar Reddy\.m2\repository\org\hamcrest\hamcrest-core\1.3\hamcrest-core-1.3.jar;C:\Users\Somu Sekhar Reddy\.m2\repository\commons-io\commons-io\2.9.0\commons-io-2.9.0.jar;C:\Users\Somu Sekhar Reddy\.m2\repository\com\aventstack\extentreports\4.0.6\extentreports-4.0.6.jar;C:\Users\Somu Sekhar Reddy\.m2\repository\org\freemarker\freemarker\2.3.23\freemarker-2.3.23.jar;C:\Users\Somu Sekhar Reddy\.m2\repository\org\mongodb\mongodb-driver\3.3.0\mongodb-driver-3.3.0.jar;C:\Users\Somu Sekhar Reddy\.m2\repository\org\mongodb\mongodb-driver-core\3.3.0\mongodb-driver-core-3.3.0.jar;C:\Users\Somu Sekhar Reddy\.m2\repository\org\mongodb\bson\3.3.0\bson-3.3.0.jar;C:\Users\Somu Sekhar Reddy\.m2\repository\org\apache\httpcomponents\httpclient\4.5.2\httpclient-4.5.2.jar;C:\Users\Somu Sekhar Reddy\.m2\repository\org\apache\httpcomponents\httpcore\4.4.4\httpcore-4.4.4.jar;C:\Users\Somu Sekhar Reddy\.m2\repository\commons-logging\commons-logging\1.2\commons-logging-1.2.jar;C:\Users\Somu Sekhar Reddy\.m2\repository\commons-codec\commons-codec\1.9\commons-codec-1.9.jar;C:\Users\Somu Sekhar Reddy\.m2\repository\org\apache\httpcomponents\httpmime\4.5.2\httpmime-4.5.2.jar;C:\Users\Somu Sekhar Reddy\.m2\repository\org\apache\poi\poi-ooxml\4.1.2\poi-ooxml-4.1.2.jar;C:\Users\Somu Sekhar Reddy\.m2\repository\org\apache\poi\poi\4.1.2\poi-4.1.2.jar;C:\Users\Somu Sekhar Reddy\.m2\repository\org\apache\commons\commons-collections4\4.4\commons-collections4-4.4.jar;C:\Users\Somu Sekhar Reddy\.m2\repository\org\apache\commons\commons-math3\3.6.1\commons-math3-3.6.1.jar;C:\Users\Somu Sekhar Reddy\.m2\repository\com\zaxxer\SparseBitSet\1.2\SparseBitSet-1.2.jar;C:\Users\Somu Sekhar Reddy\.m2\repository\org\apache\poi\poi-ooxml-schemas\4.1.2\poi-ooxml-schemas-4.1.2.jar;C:\Users\Somu Sekhar Reddy\.m2\repository\org\apache\xmlbeans\xmlbeans\3.1.0\xmlbeans-3.1.0.jar;C:\Users\Somu Sekhar Reddy\.m2\repository\org\apache\commons\commons-compress\1.19\commons-compress-1.19.jar;C:\Users\Somu Sekhar Reddy\.m2\repository\com\github\virtuald\curvesapi\1.06\curvesapi-1.06.jar;C:\Users\Somu Sekhar Reddy\.m2\repository\org\testng\testng\6.14.3\testng-6.14.3.jar;C:\Users\Somu Sekhar Reddy\.m2\repository\org\apache-extras\beanshell\bsh\2.0b6\bsh-2.0b6.jar;C:\Users\Somu Sekhar Reddy\.m2\repository\org\apache\maven\maven-plugin-api\3.6.3\maven-plugin-api-3.6.3.jar;C:\Users\Somu Sekhar Reddy\.m2\repository\org\apache\maven\maven-model\3.6.3\maven-model-3.6.3.jar;C:\Users\Somu Sekhar Reddy\.m2\repository\org\apache\maven\maven-artifact\3.6.3\maven-artifact-3.6.3.jar;C:\Users\Somu Sekhar Reddy\.m2\repository\org\eclipse\sisu\org.eclipse.sisu.plexus\0.3.4\org.eclipse.sisu.plexus-0.3.4.jar;C:\Users\Somu Sekhar Reddy\.m2\repository\javax\enterprise\cdi-api\1.0\cdi-api-1.0.jar;C:\Users\Somu Sekhar Reddy\.m2\repository\javax\annotation\jsr250-api\1.0\jsr250-api-1.0.jar;C:\Users\Somu Sekhar Reddy\.m2\repository\javax\inject\javax.inject\1\javax.inject-1.jar;C:\Users\Somu Sekhar Reddy\.m2\repository\org\eclipse\sisu\org.eclipse.sisu.inject\0.3.4\org.eclipse.sisu.inject-0.3.4.jar;C:\Users\Somu Sekhar Reddy\.m2\repository\org\codehaus\plexus\plexus-component-annotations\1.5.5\plexus-component-annotations-1.5.5.jar;C:\Users\Somu Sekhar Reddy\.m2\repository\org\codehaus\plexus\plexus-utils\3.2.1\plexus-utils-3.2.1.jar;C:\Users\Somu Sekhar Reddy\.m2\repository\org\codehaus\plexus\plexus-classworlds\2.6.0\plexus-classworlds-2.6.0.jar;C:\Users\Somu Sekhar Reddy\.m2\repository\org\slf4j\slf4j-log4j12\1.7.25\slf4j-log4j12-1.7.25.jar;C:\Users\Somu Sekhar Reddy\.m2\repository\org\slf4j\slf4j-api\1.7.25\slf4j-api-1.7.25.jar;C:\Users\Somu Sekhar Reddy\.m2\repository\log4j\log4j\1.2.17\log4j-1.2.17.jar;C:\Users\Somu Sekhar Reddy\.m2\repository\org\apache\tinkerpop\gremlin-server\3.5.0\gremlin-server-3.5.0.jar;C:\Users\Somu Sekhar Reddy\.m2\repository\org\apache\tinkerpop\tinkergraph-gremlin\3.5.0\tinkergraph-gremlin-3.5.0.jar;C:\Users\Somu Sekhar Reddy\.m2\repository\org\apache\tinkerpop\gremlin-groovy\3.5.0\gremlin-groovy-3.5.0.jar;C:\Users\Somu Sekhar Reddy\.m2\repository\org\apache\ivy\ivy\2.4.0\ivy-2.4.0.jar;C:\Users\Somu Sekhar Reddy\.m2\repository\org\codehaus\groovy\groovy\2.5.14\groovy-2.5.14-indy.jar;C:\Users\Somu Sekhar Reddy\.m2\repository\org\codehaus\groovy\groovy-groovysh\2.5.14\groovy-groovysh-2.5.14-indy.jar;C:\Users\Somu Sekhar Reddy\.m2\repository\org\codehaus\groovy\groovy-cli-picocli\2.5.14\groovy-cli-picocli-2.5.14.jar;C:\Users\Somu Sekhar Reddy\.m2\repository\info\picocli\picocli\4.3.2\picocli-4.3.2.jar;C:\Users\Somu Sekhar Reddy\.m2\repository\org\codehaus\groovy\groovy-console\2.5.14\groovy-console-2.5.14.jar;C:\Users\Somu Sekhar Reddy\.m2\repository\org\codehaus\groovy\groovy-templates\2.5.14\groovy-templates-2.5.14.jar;C:\Users\Somu Sekhar Reddy\.m2\repository\org\codehaus\groovy\groovy-xml\2.5.14\groovy-xml-2.5.14.jar;C:\Users\Somu Sekhar Reddy\.m2\repository\org\codehaus\groovy\groovy-swing\2.5.14\groovy-swing-2.5.14.jar;C:\Users\Somu Sekhar Reddy\.m2\repository\jline\jline\2.14.6\jline-2.14.6.jar;C:\Users\Somu Sekhar Reddy\.m2\repository\org\codehaus\groovy\groovy-json\2.5.14\groovy-json-2.5.14-indy.jar;C:\Users\Somu Sekhar Reddy\.m2\repository\org\codehaus\groovy\groovy-jsr223\2.5.14\groovy-jsr223-2.5.14-indy.jar;C:\Users\Somu Sekhar Reddy\.m2\repository\org\mindrot\jbcrypt\0.4\jbcrypt-0.4.jar;C:\Users\Somu Sekhar Reddy\.m2\repository\com\github\ben-manes\caffeine\caffeine\2.3.1\caffeine-2.3.1.jar;C:\Users\Somu Sekhar Reddy\.m2\repository\commons-collections\commons-collections\3.2.2\commons-collections-3.2.2.jar;C:\Users\Somu Sekhar Reddy\.m2\repository\com\codahale\metrics\metrics-core\3.0.2\metrics-core-3.0.2.jar;C:\Users\Somu Sekhar Reddy\.m2\repository\junit\junit\4.12\junit-4.12.jar;C:\Users\Somu Sekhar Reddy\.m2\repository\org\apache\maven\surefire\surefire-testng-utils\2.22.0\surefire-testng-utils-2.22.0.jar;C:\Users\Somu Sekhar Reddy\.m2\repository\org\apache\maven\surefire\surefire-grouper\2.22.0\surefire-grouper-2.22.0.jar;"/>
    <property name="java.vm.vendor" value="Oracle Corporation"/>
    <property name="sun.arch.data.model" value="64"/>
    <property name="user.variant" value=""/>
    <property name="java.vendor.url" value="http://java.oracle.com/"/>
    <property name="user.timezone" value="Asia/Calcutta"/>
    <property name="java.vm.specification.version" value="1.8"/>
    <property name="os.name" value="Windows 10"/>
    <property name="user.country" value="IN"/>
    <property name="sun.java.launcher" value="SUN_STANDARD"/>
    <property name="sun.boot.library.path" value="C:\Program Files\Java\jdk1.8.0_121\jre\bin"/>
    <property name="sun.java.command" value="C:\Users\SOMUSE~1\AppData\Local\Temp\surefire6068062524733880132\surefirebooter3372484198213722645.jar C:\Users\Somu Sekhar Reddy\AppData\Local\Temp\surefire6068062524733880132 2021-06-25T19-25-47_986-jvmRun1 surefire4068011019165610467tmp surefire_04722904486782509904tmp"/>
    <property name="surefire.test.class.path" value="C:\Users\Somu Sekhar Reddy\eclipse-workspace\TripAdvisorProject\target\test-classes;C:\Users\Somu Sekhar Reddy\eclipse-workspace\TripAdvisorProject\target\classes;C:\Users\Somu Sekhar Reddy\.m2\repository\org\apache\tinkerpop\gremlin-driver\3.5.0\gremlin-driver-3.5.0.jar;C:\Users\Somu Sekhar Reddy\.m2\repository\org\apache\tinkerpop\gremlin-core\3.5.0\gremlin-core-3.5.0.jar;C:\Users\Somu Sekhar Reddy\.m2\repository\org\apache\tinkerpop\gremlin-shaded\3.5.0\gremlin-shaded-3.5.0.jar;C:\Users\Somu Sekhar Reddy\.m2\repository\org\apache\commons\commons-configuration2\2.7\commons-configuration2-2.7.jar;C:\Users\Somu Sekhar Reddy\.m2\repository\commons-beanutils\commons-beanutils\1.9.4\commons-beanutils-1.9.4.jar;C:\Users\Somu Sekhar Reddy\.m2\repository\org\apache\commons\commons-text\1.9\commons-text-1.9.jar;C:\Users\Somu Sekhar Reddy\.m2\repository\org\javatuples\javatuples\1.2\javatuples-1.2.jar;C:\Users\Somu Sekhar Reddy\.m2\repository\com\carrotsearch\hppc\0.7.1\hppc-0.7.1.jar;C:\Users\Somu Sekhar Reddy\.m2\repository\com\jcabi\jcabi-manifests\1.1\jcabi-manifests-1.1.jar;C:\Users\Somu Sekhar Reddy\.m2\repository\com\jcabi\jcabi-log\0.14\jcabi-log-0.14.jar;C:\Users\Somu Sekhar Reddy\.m2\repository\com\squareup\javapoet\1.8.0\javapoet-1.8.0.jar;C:\Users\Somu Sekhar Reddy\.m2\repository\net\objecthunter\exp4j\0.4.8\exp4j-0.4.8.jar;C:\Users\Somu Sekhar Reddy\.m2\repository\org\slf4j\jcl-over-slf4j\1.7.25\jcl-over-slf4j-1.7.25.jar;C:\Users\Somu Sekhar Reddy\.m2\repository\io\netty\netty-all\4.1.61.Final\netty-all-4.1.61.Final.jar;C:\Users\Somu Sekhar Reddy\.m2\repository\org\apache\commons\commons-lang3\3.11\commons-lang3-3.11.jar;C:\Users\Somu Sekhar Reddy\.m2\repository\org\seleniumhq\selenium\selenium-server\3.141.59\selenium-server-3.141.59.jar;C:\Users\Somu Sekhar Reddy\.m2\repository\org\seleniumhq\selenium\selenium-java\3.141.59\selenium-java-3.141.59.jar;C:\Users\Somu Sekhar Reddy\.m2\repository\org\seleniumhq\selenium\selenium-api\3.141.59\selenium-api-3.141.59.jar;C:\Users\Somu Sekhar Reddy\.m2\repository\org\seleniumhq\selenium\selenium-chrome-driver\3.141.59\selenium-chrome-driver-3.141.59.jar;C:\Users\Somu Sekhar Reddy\.m2\repository\org\seleniumhq\selenium\selenium-edge-driver\3.141.59\selenium-edge-driver-3.141.59.jar;C:\Users\Somu Sekhar Reddy\.m2\repository\org\seleniumhq\selenium\selenium-firefox-driver\3.141.59\selenium-firefox-driver-3.141.59.jar;C:\Users\Somu Sekhar Reddy\.m2\repository\org\seleniumhq\selenium\selenium-ie-driver\3.141.59\selenium-ie-driver-3.141.59.jar;C:\Users\Somu Sekhar Reddy\.m2\repository\org\seleniumhq\selenium\selenium-opera-driver\3.141.59\selenium-opera-driver-3.141.59.jar;C:\Users\Somu Sekhar Reddy\.m2\repository\org\seleniumhq\selenium\selenium-remote-driver\3.141.59\selenium-remote-driver-3.141.59.jar;C:\Users\Somu Sekhar Reddy\.m2\repository\org\seleniumhq\selenium\selenium-safari-driver\3.141.59\selenium-safari-driver-3.141.59.jar;C:\Users\Somu Sekhar Reddy\.m2\repository\org\seleniumhq\selenium\selenium-support\3.141.59\selenium-support-3.141.59.jar;C:\Users\Somu Sekhar Reddy\.m2\repository\com\beust\jcommander\1.72\jcommander-1.72.jar;C:\Users\Somu Sekhar Reddy\.m2\repository\net\bytebuddy\byte-buddy\1.8.15\byte-buddy-1.8.15.jar;C:\Users\Somu Sekhar Reddy\.m2\repository\org\apache\commons\commons-exec\1.3\commons-exec-1.3.jar;C:\Users\Somu Sekhar Reddy\.m2\repository\com\google\guava\guava\25.0-jre\guava-25.0-jre.jar;C:\Users\Somu Sekhar Reddy\.m2\repository\com\google\code\findbugs\jsr305\1.3.9\jsr305-1.3.9.jar;C:\Users\Somu Sekhar Reddy\.m2\repository\org\checkerframework\checker-compat-qual\2.0.0\checker-compat-qual-2.0.0.jar;C:\Users\Somu Sekhar Reddy\.m2\repository\com\google\errorprone\error_prone_annotations\2.1.3\error_prone_annotations-2.1.3.jar;C:\Users\Somu Sekhar Reddy\.m2\repository\com\google\j2objc\j2objc-annotations\1.1\j2objc-annotations-1.1.jar;C:\Users\Somu Sekhar Reddy\.m2\repository\org\codehaus\mojo\animal-sniffer-annotations\1.14\animal-sniffer-annotations-1.14.jar;C:\Users\Somu Sekhar Reddy\.m2\repository\net\jcip\jcip-annotations\1.0\jcip-annotations-1.0.jar;C:\Users\Somu Sekhar Reddy\.m2\repository\org\seleniumhq\selenium\jetty-repacked\9.4.12.v20180830\jetty-repacked-9.4.12.v20180830.jar;C:\Users\Somu Sekhar Reddy\.m2\repository\com\squareup\okhttp3\okhttp\3.11.0\okhttp-3.11.0.jar;C:\Users\Somu Sekhar Reddy\.m2\repository\com\squareup\okio\okio\1.14.0\okio-1.14.0.jar;C:\Users\Somu Sekhar Reddy\.m2\repository\javax\servlet\javax.servlet-api\3.1.0\javax.servlet-api-3.1.0.jar;C:\Users\Somu Sekhar Reddy\.m2\repository\org\yaml\snakeyaml\1.19\snakeyaml-1.19.jar;C:\Users\Somu Sekhar Reddy\.m2\repository\ru\yandex\qatools\ashot\ashot\1.5.4\ashot-1.5.4.jar;C:\Users\Somu Sekhar Reddy\.m2\repository\com\google\code\gson\gson\2.6.2\gson-2.6.2.jar;C:\Users\Somu Sekhar Reddy\.m2\repository\org\hamcrest\hamcrest-core\1.3\hamcrest-core-1.3.jar;C:\Users\Somu Sekhar Reddy\.m2\repository\commons-io\commons-io\2.9.0\commons-io-2.9.0.jar;C:\Users\Somu Sekhar Reddy\.m2\repository\com\aventstack\extentreports\4.0.6\extentreports-4.0.6.jar;C:\Users\Somu Sekhar Reddy\.m2\repository\org\freemarker\freemarker\2.3.23\freemarker-2.3.23.jar;C:\Users\Somu Sekhar Reddy\.m2\repository\org\mongodb\mongodb-driver\3.3.0\mongodb-driver-3.3.0.jar;C:\Users\Somu Sekhar Reddy\.m2\repository\org\mongodb\mongodb-driver-core\3.3.0\mongodb-driver-core-3.3.0.jar;C:\Users\Somu Sekhar Reddy\.m2\repository\org\mongodb\bson\3.3.0\bson-3.3.0.jar;C:\Users\Somu Sekhar Reddy\.m2\repository\org\apache\httpcomponents\httpclient\4.5.2\httpclient-4.5.2.jar;C:\Users\Somu Sekhar Reddy\.m2\repository\org\apache\httpcomponents\httpcore\4.4.4\httpcore-4.4.4.jar;C:\Users\Somu Sekhar Reddy\.m2\repository\commons-logging\commons-logging\1.2\commons-logging-1.2.jar;C:\Users\Somu Sekhar Reddy\.m2\repository\commons-codec\commons-codec\1.9\commons-codec-1.9.jar;C:\Users\Somu Sekhar Reddy\.m2\repository\org\apache\httpcomponents\httpmime\4.5.2\httpmime-4.5.2.jar;C:\Users\Somu Sekhar Reddy\.m2\repository\org\apache\poi\poi-ooxml\4.1.2\poi-ooxml-4.1.2.jar;C:\Users\Somu Sekhar Reddy\.m2\repository\org\apache\poi\poi\4.1.2\poi-4.1.2.jar;C:\Users\Somu Sekhar Reddy\.m2\repository\org\apache\commons\commons-collections4\4.4\commons-collections4-4.4.jar;C:\Users\Somu Sekhar Reddy\.m2\repository\org\apache\commons\commons-math3\3.6.1\commons-math3-3.6.1.jar;C:\Users\Somu Sekhar Reddy\.m2\repository\com\zaxxer\SparseBitSet\1.2\SparseBitSet-1.2.jar;C:\Users\Somu Sekhar Reddy\.m2\repository\org\apache\poi\poi-ooxml-schemas\4.1.2\poi-ooxml-schemas-4.1.2.jar;C:\Users\Somu Sekhar Reddy\.m2\repository\org\apache\xmlbeans\xmlbeans\3.1.0\xmlbeans-3.1.0.jar;C:\Users\Somu Sekhar Reddy\.m2\repository\org\apache\commons\commons-compress\1.19\commons-compress-1.19.jar;C:\Users\Somu Sekhar Reddy\.m2\repository\com\github\virtuald\curvesapi\1.06\curvesapi-1.06.jar;C:\Users\Somu Sekhar Reddy\.m2\repository\org\testng\testng\6.14.3\testng-6.14.3.jar;C:\Users\Somu Sekhar Reddy\.m2\repository\org\apache-extras\beanshell\bsh\2.0b6\bsh-2.0b6.jar;C:\Users\Somu Sekhar Reddy\.m2\repository\org\apache\maven\maven-plugin-api\3.6.3\maven-plugin-api-3.6.3.jar;C:\Users\Somu Sekhar Reddy\.m2\repository\org\apache\maven\maven-model\3.6.3\maven-model-3.6.3.jar;C:\Users\Somu Sekhar Reddy\.m2\repository\org\apache\maven\maven-artifact\3.6.3\maven-artifact-3.6.3.jar;C:\Users\Somu Sekhar Reddy\.m2\repository\org\eclipse\sisu\org.eclipse.sisu.plexus\0.3.4\org.eclipse.sisu.plexus-0.3.4.jar;C:\Users\Somu Sekhar Reddy\.m2\repository\javax\enterprise\cdi-api\1.0\cdi-api-1.0.jar;C:\Users\Somu Sekhar Reddy\.m2\repository\javax\annotation\jsr250-api\1.0\jsr250-api-1.0.jar;C:\Users\Somu Sekhar Reddy\.m2\repository\javax\inject\javax.inject\1\javax.inject-1.jar;C:\Users\Somu Sekhar Reddy\.m2\repository\org\eclipse\sisu\org.eclipse.sisu.inject\0.3.4\org.eclipse.sisu.inject-0.3.4.jar;C:\Users\Somu Sekhar Reddy\.m2\repository\org\codehaus\plexus\plexus-component-annotations\1.5.5\plexus-component-annotations-1.5.5.jar;C:\Users\Somu Sekhar Reddy\.m2\repository\org\codehaus\plexus\plexus-utils\3.2.1\plexus-utils-3.2.1.jar;C:\Users\Somu Sekhar Reddy\.m2\repository\org\codehaus\plexus\plexus-classworlds\2.6.0\plexus-classworlds-2.6.0.jar;C:\Users\Somu Sekhar Reddy\.m2\repository\org\slf4j\slf4j-log4j12\1.7.25\slf4j-log4j12-1.7.25.jar;C:\Users\Somu Sekhar Reddy\.m2\repository\org\slf4j\slf4j-api\1.7.25\slf4j-api-1.7.25.jar;C:\Users\Somu Sekhar Reddy\.m2\repository\log4j\log4j\1.2.17\log4j-1.2.17.jar;C:\Users\Somu Sekhar Reddy\.m2\repository\org\apache\tinkerpop\gremlin-server\3.5.0\gremlin-server-3.5.0.jar;C:\Users\Somu Sekhar Reddy\.m2\repository\org\apache\tinkerpop\tinkergraph-gremlin\3.5.0\tinkergraph-gremlin-3.5.0.jar;C:\Users\Somu Sekhar Reddy\.m2\repository\org\apache\tinkerpop\gremlin-groovy\3.5.0\gremlin-groovy-3.5.0.jar;C:\Users\Somu Sekhar Reddy\.m2\repository\org\apache\ivy\ivy\2.4.0\ivy-2.4.0.jar;C:\Users\Somu Sekhar Reddy\.m2\repository\org\codehaus\groovy\groovy\2.5.14\groovy-2.5.14-indy.jar;C:\Users\Somu Sekhar Reddy\.m2\repository\org\codehaus\groovy\groovy-groovysh\2.5.14\groovy-groovysh-2.5.14-indy.jar;C:\Users\Somu Sekhar Reddy\.m2\repository\org\codehaus\groovy\groovy-cli-picocli\2.5.14\groovy-cli-picocli-2.5.14.jar;C:\Users\Somu Sekhar Reddy\.m2\repository\info\picocli\picocli\4.3.2\picocli-4.3.2.jar;C:\Users\Somu Sekhar Reddy\.m2\repository\org\codehaus\groovy\groovy-console\2.5.14\groovy-console-2.5.14.jar;C:\Users\Somu Sekhar Reddy\.m2\repository\org\codehaus\groovy\groovy-templates\2.5.14\groovy-templates-2.5.14.jar;C:\Users\Somu Sekhar Reddy\.m2\repository\org\codehaus\groovy\groovy-xml\2.5.14\groovy-xml-2.5.14.jar;C:\Users\Somu Sekhar Reddy\.m2\repository\org\codehaus\groovy\groovy-swing\2.5.14\groovy-swing-2.5.14.jar;C:\Users\Somu Sekhar Reddy\.m2\repository\jline\jline\2.14.6\jline-2.14.6.jar;C:\Users\Somu Sekhar Reddy\.m2\repository\org\codehaus\groovy\groovy-json\2.5.14\groovy-json-2.5.14-indy.jar;C:\Users\Somu Sekhar Reddy\.m2\repository\org\codehaus\groovy\groovy-jsr223\2.5.14\groovy-jsr223-2.5.14-indy.jar;C:\Users\Somu Sekhar Reddy\.m2\repository\org\mindrot\jbcrypt\0.4\jbcrypt-0.4.jar;C:\Users\Somu Sekhar Reddy\.m2\repository\com\github\ben-manes\caffeine\caffeine\2.3.1\caffeine-2.3.1.jar;C:\Users\Somu Sekhar Reddy\.m2\repository\commons-collections\commons-collections\3.2.2\commons-collections-3.2.2.jar;C:\Users\Somu Sekhar Reddy\.m2\repository\com\codahale\metrics\metrics-core\3.0.2\metrics-core-3.0.2.jar;C:\Users\Somu Sekhar Reddy\.m2\repository\junit\junit\4.12\junit-4.12.jar;C:\Users\Somu Sekhar Reddy\.m2\repository\org\apache\maven\surefire\surefire-testng-utils\2.22.0\surefire-testng-utils-2.22.0.jar;C:\Users\Somu Sekhar Reddy\.m2\repository\org\apache\maven\surefire\surefire-grouper\2.22.0\surefire-grouper-2.22.0.jar;"/>
    <property name="sun.cpu.endian" value="little"/>
    <property name="user.home" value="C:\Users\Somu Sekhar Reddy"/>
    <property name="user.language" value="en"/>
    <property name="java.specification.vendor" value="Oracle Corporation"/>
    <property name="java.home" value="C:\Program Files\Java\jdk1.8.0_121\jre"/>
    <property name="basedir" value="C:\Users\Somu Sekhar Reddy\eclipse-workspace\TripAdvisorProject"/>
    <property name="file.separator" value="\"/>
    <property name="line.separator" value="&#10;"/>
    <property name="java.vm.specification.vendor" value="Oracle Corporation"/>
    <property name="java.specification.name" value="Java Platform API Specification"/>
    <property name="java.awt.graphicsenv" value="sun.awt.Win32GraphicsEnvironment"/>
    <property name="surefire.real.class.path" value="C:\Users\SOMUSE~1\AppData\Local\Temp\surefire6068062524733880132\surefirebooter3372484198213722645.jar"/>
    <property name="sun.boot.class.path" value="C:\Program Files\Java\jdk1.8.0_121\jre\lib\resources.jar;C:\Program Files\Java\jdk1.8.0_121\jre\lib\rt.jar;C:\Program Files\Java\jdk1.8.0_121\jre\lib\sunrsasign.jar;C:\Program Files\Java\jdk1.8.0_121\jre\lib\jsse.jar;C:\Program Files\Java\jdk1.8.0_121\jre\lib\jce.jar;C:\Program Files\Java\jdk1.8.0_121\jre\lib\charsets.jar;C:\Program Files\Java\jdk1.8.0_121\jre\lib\jfr.jar;C:\Program Files\Java\jdk1.8.0_121\jre\classes"/>
    <property name="user.script" value=""/>
    <property name="sun.management.compiler" value="HotSpot 64-Bit Tiered Compilers"/>
    <property name="java.runtime.version" value="1.8.0_121-b13"/>
    <property name="user.name" value="Somu Sekhar Reddy"/>
    <property name="path.separator" value=";"/>
    <property name="os.version" value="10.0"/>
    <property name="java.endorsed.dirs" value="C:\Program Files\Java\jdk1.8.0_121\jre\lib\endorsed"/>
    <property name="java.runtime.name" value="Java(TM) SE Runtime Environment"/>
    <property name="file.encoding" value="Cp1252"/>
    <property name="java.vm.name" value="Java HotSpot(TM) 64-Bit Server VM"/>
    <property name="localRepository" value="C:\Users\Somu Sekhar Reddy\.m2\repository"/>
    <property name="java.vendor.url.bug" value="http://bugreport.sun.com/bugreport/"/>
    <property name="java.io.tmpdir" value="C:\Users\SOMUSE~1\AppData\Local\Temp\"/>
    <property name="java.version" value="1.8.0_121"/>
    <property name="user.dir" value="C:\Users\Somu Sekhar Reddy\eclipse-workspace\TripAdvisorProject"/>
    <property name="os.arch" value="amd64"/>
    <property name="java.vm.specification.name" value="Java Virtual Machine Specification"/>
    <property name="java.awt.printerjob" value="sun.awt.windows.WPrinterJob"/>
    <property name="sun.os.patch.level" value=""/>
    <property name="java.library.path" value="C:\Program Files\Java\jdk1.8.0_121\jre\bin;C:\WINDOWS\Sun\Java\bin;C:\WINDOWS\system32;C:\WINDOWS;C:\Program Files\Java\jdk1.8.0_121\bin;F:\oracle\product\10.2.0\db_3\bin;C:\Windows\bin;C:\ProgramData\Oracle\Java\javapath;C:\WINDOWS\system32;C:\WINDOWS;C:\WINDOWS\System32\Wbem;C:\WINDOWS\System32\WindowsPowerShell\v1.0\;C:\WINDOWS\System32\OpenSSH\;C:\Users\Somu Sekhar Reddy\apache-maven-3.8.1-bin\apache-maven-3.8.1\bin;C:\Users\Somu Sekhar Reddy\AppData\Local\Microsoft\WindowsApps;;."/>
    <property name="java.vm.info" value="mixed mode"/>
    <property name="java.vendor" value="Oracle Corporation"/>
    <property name="java.vm.version" value="25.121-b13"/>
    <property name="java.ext.dirs" value="C:\Program Files\Java\jdk1.8.0_121\jre\lib\ext;C:\WINDOWS\Sun\Java\lib\ext"/>
    <property name="sun.io.unicode.encoding" value="UnicodeLittle"/>
    <property name="java.class.version" value="52.0"/>
  </properties>
  <testcase name="serachTrip" classname="com.qa.testscript.TripAdvisor" time="195.308"/>
</testsuite>