<?xml version="1.0" encoding="UTF-8"?>
<!-- Generated by org.testng.reporters.JUnitReportReporter -->
<testsuite skipped="0" hostname="LAPTOP-1HTUTEUR" name="com.qa.tests.newToursFlightBooking" tests="1" failures="0" timestamp="13 Jun 2021 02:44:48 GMT" time="20.567" errors="0">
  <testcase name="FlightBooking" time="20.567" classname="com.qa.tests.newToursFlightBooking"/>
</testsuite> <!-- com.qa.tests.newToursFlightBooking -->
