<?xml version="1.0" encoding="UTF-8"?>
<!-- Generated by org.testng.reporters.JUnitReportReporter -->
<testsuite skipped="0" hostname="LAPTOP-1HTUTEUR" name="TestNgCaseStudies.TC_Google01" tests="1" failures="0" timestamp="11 Jun 2021 11:11:03 GMT" time="45.420" errors="0">
  <testcase name="AutosuggestedList" time="45.420" classname="TestNgCaseStudies.TC_Google01"/>
</testsuite> <!-- TestNgCaseStudies.TC_Google01 -->
