<?xml version="1.0" encoding="UTF-8"?>
<!-- Generated by org.testng.reporters.JUnitReportReporter -->
<testsuite skipped="0" hostname="LAPTOP-1HTUTEUR" name="com.qa.tests.toursFieldSize" tests="1" failures="0" timestamp="13 Jun 2021 02:44:48 GMT" time="0.222" errors="0">
  <testcase name="FieldSize" time="0.222" classname="com.qa.tests.toursFieldSize"/>
</testsuite> <!-- com.qa.tests.toursFieldSize -->
