<?xml version="1.0" encoding="UTF-8"?>
<!-- Generated by org.testng.reporters.JUnitReportReporter -->
<testsuite skipped="0" hostname="LAPTOP-1HTUTEUR" name="com.qa.tests.TripAdvisor" tests="1" failures="0" timestamp="22 Jun 2021 09:00:37 GMT" time="45.866" errors="0">
  <testcase name="serachTrip" time="45.866" classname="com.qa.tests.TripAdvisor"/>
</testsuite> <!-- com.qa.tests.TripAdvisor -->
