<?xml version="1.0" encoding="UTF-8"?>
<!-- Generated by org.testng.reporters.JUnitReportReporter -->
<testsuite skipped="0" hostname="LAPTOP-1HTUTEUR" name="testng.TC10" tests="1" failures="0" timestamp="12 Jun 2021 04:30:34 GMT" time="8.635" errors="0">
  <testcase name="search" time="8.635" classname="testng.TC10"/>
</testsuite> <!-- testng.TC10 -->
