<?xml version="1.0" encoding="UTF-8"?>
<!-- Generated by org.testng.reporters.JUnitReportReporter -->
<testsuite skipped="0" hostname="LAPTOP-1HTUTEUR" name="TsetNgDemo.FundTransfer" tests="2" failures="0" timestamp="11 Jun 2021 08:30:55 GMT" time="0.007" errors="0">
  <testcase name="fundtrnsfer1" time="0.002" classname="TsetNgDemo.FundTransfer"/>
  <testcase name="fundtransfer2" time="0.005" classname="TsetNgDemo.FundTransfer"/>
</testsuite> <!-- TsetNgDemo.FundTransfer -->
