<?xml version="1.0" encoding="UTF-8"?>
<!-- Generated by org.testng.reporters.JUnitReportReporter -->
<testsuite skipped="0" hostname="LAPTOP-1HTUTEUR" name="com.qa.tests.newToursLocations" tests="1" failures="0" timestamp="13 Jun 2021 02:44:48 GMT" time="4.465" errors="0">
  <testcase name="Locations" time="4.465" classname="com.qa.tests.newToursLocations"/>
</testsuite> <!-- com.qa.tests.newToursLocations -->
