<?xml version="1.0" encoding="UTF-8"?>
<!-- Generated by org.testng.reporters.JUnitReportReporter -->
<testsuite skipped="0" hostname="LAPTOP-1HTUTEUR" name="com.qa.tests.ebayRegister" tests="1" failures="0" timestamp="13 Jun 2021 02:44:48 GMT" time="50.404" errors="0">
  <testcase name="Register" time="50.404" classname="com.qa.tests.ebayRegister"/>
</testsuite> <!-- com.qa.tests.ebayRegister -->
