<?xml version="1.0" encoding="UTF-8"?>
<!-- Generated by org.testng.reporters.JUnitReportReporter -->
<testsuite skipped="0" hostname="LAPTOP-1HTUTEUR" name="testng.TC3" tests="1" failures="0" timestamp="12 Jun 2021 04:20:03 GMT" time="0.470" errors="0">
  <testcase name="orangle" time="0.470" classname="testng.TC3"/>
</testsuite> <!-- testng.TC3 -->
