<?xml version="1.0" encoding="UTF-8"?>
<!-- Generated by org.testng.reporters.JUnitReportReporter -->
<testsuite skipped="0" hostname="LAPTOP-1HTUTEUR" name="testng.TC6" tests="1" failures="0" timestamp="12 Jun 2021 04:30:34 GMT" time="3.591" errors="0">
  <testcase name="amazon" time="3.591" classname="testng.TC6"/>
</testsuite> <!-- testng.TC6 -->
