<?xml version="1.0" encoding="UTF-8"?>
<!-- Generated by org.testng.reporters.JUnitReportReporter -->
<testsuite skipped="0" hostname="LAPTOP-1HTUTEUR" name="testng.TC11" tests="1" failures="0" timestamp="12 Jun 2021 04:30:34 GMT" time="3.544" errors="0">
  <testcase name="gmail" time="3.544" classname="testng.TC11"/>
</testsuite> <!-- testng.TC11 -->
