<?xml version="1.0" encoding="UTF-8"?>
<!-- Generated by org.testng.reporters.JUnitReportReporter -->
<testsuite skipped="0" hostname="LAPTOP-1HTUTEUR" name="com.qa.testscript.TripAdvisorSearchHotel" tests="1" failures="0" timestamp="24 Jun 2021 09:05:44 GMT" time="39.840" errors="0">
  <testcase name="serachHotel" time="39.840" classname="com.qa.testscript.TripAdvisorSearchHotel"/>
</testsuite> <!-- com.qa.testscript.TripAdvisorSearchHotel -->
